[INFO] Scanning for projects...
[INFO] 
[INFO] ------------------------< com.example:consumer >------------------------
[INFO] Building  0.0.1-SNAPSHOT
[INFO]   from pom.xml
[INFO] --------------------------------[ jar ]---------------------------------
[INFO] 
[INFO] >>> spring-boot:4.0.6:run (default-cli) > test-compile @ consumer >>>
[INFO] 
[INFO] --- resources:3.3.1:resources (default-resources) @ consumer ---
[INFO] Copying 1 resource from src\main\resources to target\classes
[INFO] Copying 0 resource from src\main\resources to target\classes
[INFO] 
[INFO] --- compiler:3.14.1:compile (default-compile) @ consumer ---
[INFO] Nothing to compile - all classes are up to date.
[INFO] 
[INFO] --- resources:3.3.1:testResources (default-testResources) @ consumer ---
[INFO] skip non existing resourceDirectory D:\Pratyush\SpringBoot\producer\consumer\src\test\resources
[INFO] 
[INFO] --- compiler:3.14.1:testCompile (default-testCompile) @ consumer ---
[INFO] Nothing to compile - all classes are up to date.
[INFO] 
[INFO] <<< spring-boot:4.0.6:run (default-cli) < test-compile @ consumer <<<
[INFO] 
[INFO] 
[INFO] --- spring-boot:4.0.6:run (default-cli) @ consumer ---
[INFO] Attaching agents: []

  .   ____          _            __ _ _
 /\\ / ___'_ __ _ _(_)_ __  __ _ \ \ \ \
( ( )\___ | '_ | '_| | '_ \/ _` | \ \ \ \
 \\/  ___)| |_)| | | | | || (_| |  ) ) ) )
  '  |____| .__|_| |_|_| |_\__, | / / / /
 =========|_|==============|___/=/_/_/_/

 :: Spring Boot ::                (v4.0.6)

2026-05-26T19:40:11.026+05:30  INFO 21328 --- [consumer] [           main] c.example.consumer.ConsumerApplication   : Starting ConsumerApplication using Java 21.0.9 with PID 21328 (D:\Pratyush\SpringBoot\producer\consumer\target\classes started by hp in D:\Pratyush\SpringBoot\producer\consumer)
2026-05-26T19:40:11.028+05:30  INFO 21328 --- [consumer] [           main] c.example.consumer.ConsumerApplication   : No active profile set, falling back to 1 default profile: "default"
2026-05-26T19:40:11.540+05:30  INFO 21328 --- [consumer] [           main] o.s.boot.tomcat.TomcatWebServer          : Tomcat initialized with port 8081 (http)
2026-05-26T19:40:11.555+05:30  INFO 21328 --- [consumer] [           main] o.apache.catalina.core.StandardService   : Starting service [Tomcat]
2026-05-26T19:40:11.556+05:30  INFO 21328 --- [consumer] [           main] o.apache.catalina.core.StandardEngine    : Starting Servlet engine: [Apache Tomcat/11.0.21]
2026-05-26T19:40:11.590+05:30  INFO 21328 --- [consumer] [           main] b.w.c.s.WebApplicationContextInitializer : Root WebApplicationContext: initialization completed in 530 ms
2026-05-26T19:40:11.897+05:30  INFO 21328 --- [consumer] [           main] o.s.boot.tomcat.TomcatWebServer          : Tomcat started on port 8081 (http) with context path '/'
2026-05-26T19:40:11.969+05:30  INFO 21328 --- [consumer] [           main] o.a.kafka.common.config.AbstractConfig   : ConsumerConfig values: 
	allow.auto.create.topics = true
	auto.commit.interval.ms = 5000
	auto.offset.reset = earliest
	bootstrap.servers = [localhost:9092]
	check.crcs = true
	client.dns.lookup = use_all_dns_ips
	client.id = consumer-my-group-1
	client.rack = 
	connections.max.idle.ms = 540000
	default.api.timeout.ms = 60000
	enable.auto.commit = false
	enable.metrics.push = true
	exclude.internal.topics = true
	fetch.max.bytes = 52428800
	fetch.max.wait.ms = 500
	fetch.min.bytes = 1
	group.id = my-group
	group.instance.id = null
	group.protocol = classic
	group.remote.assignor = null
	heartbeat.interval.ms = 3000
	interceptor.classes = []
	internal.leave.group.on.close = true
	internal.throw.on.fetch.stable.offset.unsupported = false
	isolation.level = read_uncommitted
	key.deserializer = class org.apache.kafka.common.serialization.StringDeserializer
	max.partition.fetch.bytes = 1048576
	max.poll.interval.ms = 300000
	max.poll.records = 500
	metadata.max.age.ms = 300000
	metadata.recovery.rebootstrap.trigger.ms = 300000
	metadata.recovery.strategy = rebootstrap
	metric.reporters = [org.apache.kafka.common.metrics.JmxReporter]
	metrics.num.samples = 2
	metrics.recording.level = INFO
	metrics.sample.window.ms = 30000
	partition.assignment.strategy = [class org.apache.kafka.clients.consumer.RangeAssignor, class org.apache.kafka.clients.consumer.CooperativeStickyAssignor]
	receive.buffer.bytes = 65536
	reconnect.backoff.max.ms = 1000
	reconnect.backoff.ms = 50
	request.timeout.ms = 30000
	retry.backoff.max.ms = 1000
	retry.backoff.ms = 100
	sasl.client.callback.handler.class = null
	sasl.jaas.config = null
	sasl.kerberos.kinit.cmd = /usr/bin/kinit
	sasl.kerberos.min.time.before.relogin = 60000
	sasl.kerberos.service.name = null
	sasl.kerberos.ticket.renew.jitter = 0.05
	sasl.kerberos.ticket.renew.window.factor = 0.8
	sasl.login.callback.handler.class = null
	sasl.login.class = null
	sasl.login.connect.timeout.ms = null
	sasl.login.read.timeout.ms = null
	sasl.login.refresh.buffer.seconds = 300
	sasl.login.refresh.min.period.seconds = 60
	sasl.login.refresh.window.factor = 0.8
	sasl.login.refresh.window.jitter = 0.05
	sasl.login.retry.backoff.max.ms = 10000
	sasl.login.retry.backoff.ms = 100
	sasl.mechanism = GSSAPI
	sasl.oauthbearer.assertion.algorithm = RS256
	sasl.oauthbearer.assertion.claim.aud = null
	sasl.oauthbearer.assertion.claim.exp.seconds = 300
	sasl.oauthbearer.assertion.claim.iss = null
	sasl.oauthbearer.assertion.claim.jti.include = false
	sasl.oauthbearer.assertion.claim.nbf.seconds = 60
	sasl.oauthbearer.assertion.claim.sub = null
	sasl.oauthbearer.assertion.file = null
	sasl.oauthbearer.assertion.private.key.file = null
	sasl.oauthbearer.assertion.private.key.passphrase = null
	sasl.oauthbearer.assertion.template.file = null
	sasl.oauthbearer.client.credentials.client.id = null
	sasl.oauthbearer.client.credentials.client.secret = null
	sasl.oauthbearer.clock.skew.seconds = 30
	sasl.oauthbearer.expected.audience = null
	sasl.oauthbearer.expected.issuer = null
	sasl.oauthbearer.header.urlencode = false
	sasl.oauthbearer.jwks.endpoint.refresh.ms = 3600000
	sasl.oauthbearer.jwks.endpoint.retry.backoff.max.ms = 10000
	sasl.oauthbearer.jwks.endpoint.retry.backoff.ms = 100
	sasl.oauthbearer.jwks.endpoint.url = null
	sasl.oauthbearer.jwt.retriever.class = class org.apache.kafka.common.security.oauthbearer.DefaultJwtRetriever
	sasl.oauthbearer.jwt.validator.class = class org.apache.kafka.common.security.oauthbearer.DefaultJwtValidator
	sasl.oauthbearer.scope = null
	sasl.oauthbearer.scope.claim.name = scope
	sasl.oauthbearer.sub.claim.name = sub
	sasl.oauthbearer.token.endpoint.url = null
	security.protocol = PLAINTEXT
	security.providers = null
	send.buffer.bytes = 131072
	session.timeout.ms = 45000
	share.acknowledgement.mode = implicit
	socket.connection.setup.timeout.max.ms = 30000
	socket.connection.setup.timeout.ms = 10000
	ssl.cipher.suites = null
	ssl.enabled.protocols = [TLSv1.2, TLSv1.3]
	ssl.endpoint.identification.algorithm = https
	ssl.engine.factory.class = null
	ssl.key.password = null
	ssl.keymanager.algorithm = SunX509
	ssl.keystore.certificate.chain = null
	ssl.keystore.key = null
	ssl.keystore.location = null
	ssl.keystore.password = null
	ssl.keystore.type = JKS
	ssl.protocol = TLSv1.3
	ssl.provider = null
	ssl.secure.random.implementation = null
	ssl.trustmanager.algorithm = PKIX
	ssl.truststore.certificates = null
	ssl.truststore.location = null
	ssl.truststore.password = null
	ssl.truststore.type = JKS
	value.deserializer = class org.apache.kafka.common.serialization.StringDeserializer

2026-05-26T19:40:11.994+05:30  INFO 21328 --- [consumer] [           main] o.a.k.c.t.i.KafkaMetricsCollector        : initializing Kafka metrics collector
2026-05-26T19:40:12.103+05:30  INFO 21328 --- [consumer] [           main] o.a.kafka.common.utils.AppInfoParser     : Kafka version: 4.1.2
2026-05-26T19:40:12.104+05:30  INFO 21328 --- [consumer] [           main] o.a.kafka.common.utils.AppInfoParser     : Kafka commitId: c82fd9b934b4c1e6
2026-05-26T19:40:12.104+05:30  INFO 21328 --- [consumer] [           main] o.a.kafka.common.utils.AppInfoParser     : Kafka startTimeMs: 1779804612102
2026-05-26T19:40:12.108+05:30  INFO 21328 --- [consumer] [           main] o.a.k.c.c.i.ClassicKafkaConsumer         : [Consumer clientId=consumer-my-group-1, groupId=my-group] Subscribed to topic(s): topic
2026-05-26T19:40:12.118+05:30  INFO 21328 --- [consumer] [           main] c.example.consumer.ConsumerApplication   : Started ConsumerApplication in 1.446 seconds (process running for 1.708)
2026-05-26T19:40:12.337+05:30  INFO 21328 --- [consumer] [ntainer#0-0-C-1] org.apache.kafka.clients.Metadata        : [Consumer clientId=consumer-my-group-1, groupId=my-group] Cluster ID: _iyWtu6QQuOJ8PRdkFfa4g
2026-05-26T19:40:12.475+05:30  INFO 21328 --- [consumer] [ntainer#0-0-C-1] o.a.k.c.c.internals.ConsumerCoordinator  : [Consumer clientId=consumer-my-group-1, groupId=my-group] Discovered group coordinator localhost:9092 (id: 2147483646 rack: null isFenced: false)
2026-05-26T19:40:12.477+05:30  INFO 21328 --- [consumer] [ntainer#0-0-C-1] o.a.k.c.c.internals.ConsumerCoordinator  : [Consumer clientId=consumer-my-group-1, groupId=my-group] (Re-)joining group
2026-05-26T19:40:12.492+05:30  INFO 21328 --- [consumer] [ntainer#0-0-C-1] o.a.k.c.c.internals.ConsumerCoordinator  : [Consumer clientId=consumer-my-group-1, groupId=my-group] Request joining group due to: need to re-join with the given member-id: consumer-my-group-1-49d33be8-7046-47d7-947b-318a7797a64a
2026-05-26T19:40:12.494+05:30  INFO 21328 --- [consumer] [ntainer#0-0-C-1] o.a.k.c.c.internals.ConsumerCoordinator  : [Consumer clientId=consumer-my-group-1, groupId=my-group] (Re-)joining group
2026-05-26T19:40:13.428+05:30  INFO 21328 --- [consumer] [ntainer#0-0-C-1] o.a.k.c.c.internals.ConsumerCoordinator  : [Consumer clientId=consumer-my-group-1, groupId=my-group] Successfully joined group with generation Generation{generationId=37, memberId='consumer-my-group-1-49d33be8-7046-47d7-947b-318a7797a64a', protocol='range'}
2026-05-26T19:40:13.431+05:30  INFO 21328 --- [consumer] [ntainer#0-0-C-1] o.a.k.c.c.internals.ConsumerCoordinator  : [Consumer clientId=consumer-my-group-1, groupId=my-group] Successfully synced group in generation Generation{generationId=37, memberId='consumer-my-group-1-49d33be8-7046-47d7-947b-318a7797a64a', protocol='range'}
2026-05-26T19:40:13.434+05:30  INFO 21328 --- [consumer] [ntainer#0-0-C-1] o.a.k.c.c.internals.ConsumerCoordinator  : [Consumer clientId=consumer-my-group-1, groupId=my-group] Notifying assignor about the new Assignment(partitions=[])
2026-05-26T19:40:13.434+05:30  INFO 21328 --- [consumer] [ntainer#0-0-C-1] k.c.c.i.ConsumerRebalanceListenerInvoker : [Consumer clientId=consumer-my-group-1, groupId=my-group] Adding newly assigned partitions: []
2026-05-26T19:40:13.435+05:30  INFO 21328 --- [consumer] [ntainer#0-0-C-1] o.s.k.l.KafkaMessageListenerContainer    : my-group: partitions assigned: []
