[INFO] Scanning for projects...
[INFO] 
[INFO] ------------------------< com.example:producer >------------------------
[INFO] Building  0.0.1-SNAPSHOT
[INFO]   from pom.xml
[INFO] --------------------------------[ jar ]---------------------------------
[INFO] 
[INFO] >>> spring-boot:4.0.6:run (default-cli) > test-compile @ producer >>>
[INFO] 
[INFO] --- resources:3.3.1:resources (default-resources) @ producer ---
[INFO] Copying 1 resource from src\main\resources to target\classes
[INFO] Copying 0 resource from src\main\resources to target\classes
[INFO] 
[INFO] --- compiler:3.14.1:compile (default-compile) @ producer ---
[INFO] Recompiling the module because of changed source code.
[INFO] Compiling 3 source files with javac [debug parameters release 21] to target\classes
[INFO] 
[INFO] --- resources:3.3.1:testResources (default-testResources) @ producer ---
[INFO] skip non existing resourceDirectory D:\Pratyush\SpringBoot\producer\producer\src\test\resources
[INFO] 
[INFO] --- compiler:3.14.1:testCompile (default-testCompile) @ producer ---
[INFO] Recompiling the module because of changed dependency.
[INFO] Compiling 1 source file with javac [debug parameters release 21] to target\test-classes
[INFO] Annotation processing is enabled because one or more processors were found
  on the class path. A future release of javac may disable annotation processing
  unless at least one processor is specified by name (-processor), or a search
  path is specified (--processor-path, --processor-module-path), or annotation
  processing is enabled explicitly (-proc:only, -proc:full).
  Use -Xlint:-options to suppress this message.
  Use -proc:none to disable annotation processing.
[INFO] 
[INFO] <<< spring-boot:4.0.6:run (default-cli) < test-compile @ producer <<<
[INFO] 
[INFO] 
[INFO] --- spring-boot:4.0.6:run (default-cli) @ producer ---
[INFO] Attaching agents: []

  .   ____          _            __ _ _
 /\\ / ___'_ __ _ _(_)_ __  __ _ \ \ \ \
( ( )\___ | '_ | '_| | '_ \/ _` | \ \ \ \
 \\/  ___)| |_)| | | | | || (_| |  ) ) ) )
  '  |____| .__|_| |_|_| |_\__, | / / / /
 =========|_|==============|___/=/_/_/_/

 :: Spring Boot ::                (v4.0.6)

2026-05-26T19:37:48.766+05:30  INFO 21100 --- [producer] [           main] c.example.producer.ProducerApplication   : Starting ProducerApplication using Java 21.0.9 with PID 21100 (D:\Pratyush\SpringBoot\producer\producer\target\classes started by hp in D:\Pratyush\SpringBoot\producer\producer)
2026-05-26T19:37:48.769+05:30  INFO 21100 --- [producer] [           main] c.example.producer.ProducerApplication   : No active profile set, falling back to 1 default profile: "default"
2026-05-26T19:37:49.282+05:30  INFO 21100 --- [producer] [           main] o.s.boot.tomcat.TomcatWebServer          : Tomcat initialized with port 8080 (http)
2026-05-26T19:37:49.292+05:30  INFO 21100 --- [producer] [           main] o.apache.catalina.core.StandardService   : Starting service [Tomcat]
2026-05-26T19:37:49.292+05:30  INFO 21100 --- [producer] [           main] o.apache.catalina.core.StandardEngine    : Starting Servlet engine: [Apache Tomcat/11.0.21]
2026-05-26T19:37:49.325+05:30  INFO 21100 --- [producer] [           main] b.w.c.s.WebApplicationContextInitializer : Root WebApplicationContext: initialization completed in 527 ms
2026-05-26T19:37:49.602+05:30  INFO 21100 --- [producer] [           main] o.s.boot.tomcat.TomcatWebServer          : Tomcat started on port 8080 (http) with context path '/'
2026-05-26T19:37:49.653+05:30  INFO 21100 --- [producer] [           main] c.example.producer.ProducerApplication   : Started ProducerApplication in 1.241 seconds (process running for 1.489)
